[0818/103137.731:WARNING:used_ids.h(55)] Duplicate id found. Reassigning from 104 to 127
[0818/103137.732:WARNING:used_ids.h(55)] Duplicate id found. Reassigning from 103 to 125
[0818/103137.732:WARNING:used_ids.h(55)] Duplicate id found. Reassigning from 1 to 14
[0818/103137.732:WARNING:used_ids.h(55)] Duplicate id found. Reassigning from 3 to 13
[0818/103137.732:WARNING:used_ids.h(55)] Duplicate id found. Reassigning from 5 to 12
[0818/103137.732:WARNING:used_ids.h(55)] Duplicate id found. Reassigning from 6 to 11
[0818/103137.732:ERROR:audio_rtp_receiver.cc(89)] AudioRtpReceiver::OnSetVolume: No audio channel exists.
[0818/103253.809:ERROR:audio_rtp_receiver.cc(89)] AudioRtpReceiver::OnSetVolume: No audio channel exists.
[0818/103253.810:WARNING:used_ids.h(55)] Duplicate id found. Reassigning from 104 to 127
[0818/103253.810:WARNING:used_ids.h(55)] Duplicate id found. Reassigning from 102 to 125
[0818/103253.810:WARNING:used_ids.h(55)] Duplicate id found. Reassigning from 104 to 124
[0818/103253.810:WARNING:used_ids.h(55)] Duplicate id found. Reassigning from 106 to 123
[0818/103253.810:WARNING:used_ids.h(55)] Duplicate id found. Reassigning from 103 to 122
[0818/103253.810:WARNING:used_ids.h(55)] Duplicate id found. Reassigning from 105 to 121
[0818/103253.810:WARNING:used_ids.h(55)] Duplicate id found. Reassigning from 109 to 120
[0818/103253.811:WARNING:used_ids.h(55)] Duplicate id found. Reassigning from 1 to 14
[0818/103253.811:WARNING:used_ids.h(55)] Duplicate id found. Reassigning from 3 to 13
[0818/103253.811:WARNING:used_ids.h(55)] Duplicate id found. Reassigning from 5 to 12
[0818/103253.811:WARNING:used_ids.h(55)] Duplicate id found. Reassigning from 6 to 11
[0818/103302.850:ERROR:audio_rtp_receiver.cc(89)] AudioRtpReceiver::OnSetVolume: No audio channel exists.
[0818/103302.851:WARNING:used_ids.h(55)] Duplicate id found. Reassigning from 104 to 127
[0818/103302.851:WARNING:used_ids.h(55)] Duplicate id found. Reassigning from 102 to 125
[0818/103302.851:WARNING:used_ids.h(55)] Duplicate id found. Reassigning from 104 to 124
[0818/103302.851:WARNING:used_ids.h(55)] Duplicate id found. Reassigning from 106 to 123
[0818/103302.851:WARNING:used_ids.h(55)] Duplicate id found. Reassigning from 103 to 122
[0818/103302.851:WARNING:used_ids.h(55)] Duplicate id found. Reassigning from 105 to 121
[0818/103302.851:WARNING:used_ids.h(55)] Duplicate id found. Reassigning from 109 to 120
[0818/103302.851:WARNING:used_ids.h(55)] Duplicate id found. Reassigning from 1 to 14
[0818/103302.851:WARNING:used_ids.h(55)] Duplicate id found. Reassigning from 3 to 13
[0818/103302.851:WARNING:used_ids.h(55)] Duplicate id found. Reassigning from 5 to 12
[0818/103302.851:WARNING:used_ids.h(55)] Duplicate id found. Reassigning from 6 to 11
[0818/103320.506:ERROR:batching_media_log.cc(38)] MediaEvent: {"error":"FFmpegDemuxer: no supported streams"}
[0818/103320.506:ERROR:batching_media_log.cc(35)] MediaEvent: {"pipeline_error":14}
[0818/103320.802:ERROR:batching_media_log.cc(38)] MediaEvent: {"error":"FFmpegDemuxer: no supported streams"}
[0818/103320.802:ERROR:batching_media_log.cc(35)] MediaEvent: {"pipeline_error":14}
[0818/105014.452:ERROR:dns_config_service_win.cc(793)] DNS config watch failed.
[0818/105014.452:ERROR:dns_config_service_win.cc(793)] DNS config watch failed.
