  Using bundled DotNet SDK
  Log file: C:\Users\kwood\AppData\Local\UnrealBuildTool\Log.txt
  Creating makefile for w6d1_PlaygroundEditor (no existing makefile)
  Parsing headers for w6d1_PlaygroundEditor
    Running UnrealHeaderTool "C:\Users\kwood\source\repos\LUU\Week 6\w6d1_Playground\w6d1_Playground.uproject" "C:\Users\kwood\source\repos\LUU\Week 6\w6d1_Playground\Intermediate\Build\Win64\w6d1_PlaygroundEditor\Development\w6d1_PlaygroundEditor.uhtmanifest" -LogCmds="loginit warning, logexit warning, logdatabase error" -Unattended -WarningsAsErrors -abslog="C:\Users\kwood\AppData\Local\UnrealBuildTool\Log_UHT.txt" -installed
  Reflection code generated for w6d1_PlaygroundEditor in 2.1573721 seconds
  Building w6d1_PlaygroundEditor...
  Using Visual Studio 2019 14.29.30146 toolchain (C:\Program Files (x86)\Microsoft Visual Studio\2019\Professional\VC\Tools\MSVC\14.29.30133) and Windows 10.0.18362.0 SDK (C:\Program Files (x86)\Windows Kits\10).
  [Adaptive Build] Excluded from w6d1_Playground unity file: w6d1_Playground.cpp, w6d1_PlaygroundGameModeBase.cpp
  Determining max actions to execute in parallel (14 physical cores, 20 logical cores)
    Executing up to 14 processes, one per physical core
    Requested 1.5 GB free memory per action, 10.78 GB available: limiting max parallel actions to 7
  Building 9 actions with 7 processes...
  [1/9] Resource Default.rc2
  [2/9] Compile SharedPCH.Engine.ShadowErrors.cpp
  [3/9] Compile w6d1_Playground.init.gen.cpp
  [4/9] Compile w6d1_Playground.cpp
  [5/9] Compile w6d1_PlaygroundGameModeBase.gen.cpp
  [6/9] Compile w6d1_PlaygroundGameModeBase.cpp
  [7/9] Link UnrealEditor-w6d1_Playground.lib
     Creating library C:\Users\kwood\source\repos\LUU\Week 6\w6d1_Playground\Intermediate\Build\Win64\UnrealEditor\Development\w6d1_Playground\UnrealEditor-w6d1_Playground.lib and object C:\Users\kwood\source\repos\LUU\Week 6\w6d1_Playground\Intermediate\Build\Win64\UnrealEditor\Development\w6d1_Playground\UnrealEditor-w6d1_Playground.exp
  [8/9] Link UnrealEditor-w6d1_Playground.dll
     Creating library C:\Users\kwood\source\repos\LUU\Week 6\w6d1_Playground\Intermediate\Build\Win64\UnrealEditor\Development\w6d1_Playground\UnrealEditor-w6d1_Playground.suppressed.lib and object C:\Users\kwood\source\repos\LUU\Week 6\w6d1_Playground\Intermediate\Build\Win64\UnrealEditor\Development\w6d1_Playground\UnrealEditor-w6d1_Playground.suppressed.exp
  [9/9] WriteMetadata w6d1_PlaygroundEditor.target
  Total time in Parallel executor: 41.75 seconds
  Total execution time: 45.78 seconds
